{
  "id": "val-result-clawd-6pb",
  "timestamp": "2026-02-28T21:40:00Z",
  "from": "validator",
  "to": "coordinator", 
  "type": "validation-result",
  "subject": "VALIDATION FAILED: clawd-6pb BDV2 NextAuth.js Setup",
  "content": {
    "task_ids": ["clawd-6pb"],
    "project": "bible-drawing-v2",
    "result": "FAIL",
    "findings": [
      {
        "task_id": "clawd-6pb",
        "result": "FAIL",
        "checks": {
          "build": "PASS",
          "unit_tests": "PASS - 33/33",
          "e2e_tests": "FAIL - Multiple authentication failures",
          "screenshots": "FAIL - Missing all claimed evidence",
          "functionality": "FAIL - Authentication broken",
          "code_review": "PASS"
        },
        "critical_issues": [
          "E2E authentication tests fail completely - wrong status codes returned",
          "Server logs show constant CSRF token errors during auth attempts",
          "Claimed screenshots at scheduler/validation/screenshots/clawd-6pb/ don't exist",
          "False claims about E2E tests passing in worker notes",
          "NextAuth CSRF configuration is fundamentally broken"
        ],
        "evidence": {
          "unit_tests_output": "Test Suites: 4 passed, 4 total | Tests: 33 passed, 33 total",
          "e2e_failures": [
            "should authenticate valid aaron user via API: Expected status 200|302, received other",
            "should reject invalid credentials via API: Expected status 401|302, received other",
            "should require CSRF token for security: Expected status 400|401|403|302, received other"
          ],
          "server_errors": "MissingCSRF: CSRF token was missing during an action callback",
          "missing_screenshots": "scheduler/validation/screenshots/clawd-6pb/ - directory doesn't exist"
        },
        "notes": "FUNDAMENTAL AUTHENTICATION SYSTEM FAILURE. NextAuth setup has critical CSRF issues that break all authentication flows. Worker made false claims about E2E test success and provided no actual evidence. Cannot validate authentication system that doesn't work."
      }
    ],
    "summary": "CRITICAL VALIDATION FAILURE: Authentication system is broken at the foundation level. E2E tests fail, CSRF is misconfigured, and false evidence was provided. Task needs complete rework before re-validation.",
    "validated_at": "2026-02-28T21:40:00Z", 
    "validated_by": "validator",
    "action_required": "REWORK - Fix CSRF configuration, ensure E2E tests pass, provide real evidence"
  }
}