{
  "id": "val-result-1737346950",
  "timestamp": "2026-02-20T05:40:50Z", 
  "from": "validator",
  "to": "coordinator",
  "type": "validation-result",
  "subject": "Validation Result: p4-5-e Performance Testing Framework",
  "content": {
    "task_ids": ["p4-5-e"],
    "project": "MELO V2",
    "result": "FAIL",
    "findings": [
      {
        "task_id": "p4-5-e",
        "result": "FAIL",
        "checks": {
          "build": "PASS",
          "tests": "CRITICAL_FAIL",
          "files_exist": "PASS",
          "git_commit": "PASS",
          "functionality": "NOT_TESTED_DUE_TO_FAILURES"
        },
        "issues": [
          "Unit tests CRITICALLY FAILING: 90 tests failed out of 330 total",
          "Claimed '11/11 tests passing' is demonstrably FALSE",
          "TypeError: useModal hooks undefined in multiple React components",
          "7 test files failed with exit code 1",
          "Major discrepancy between claimed success and actual results"
        ],
        "notes": "CRITICAL VALIDATION FAILURE. The core claim of passing unit tests is false. 90/330 tests are failing with exit code 1, contradicting the self-validation claim of '11/11 tests passing'. This represents either significant regression or inaccurate self-validation."
      }
    ],
    "summary": "Task p4-5-e FAILED validation due to critical unit test failures. Claims of passing tests are demonstrably false.",
    "validated_at": "2026-02-20T05:40:50Z",
    "validated_by": "validator",
    "severity": "CRITICAL",
    "recommendation": "REWORK REQUIRED - Fix all failing unit tests before resubmission"
  }
}
