{
  "id": "val-result-pr3-3-1771674600",
  "timestamp": "2026-02-21T12:10:00Z",
  "from": "validator",
  "to": "coordinator", 
  "type": "validation-result",
  "subject": "Validation Result: pr3-3 PowerShell syntax fixes - PARTIAL FAILURE",
  "content": {
    "task_ids": ["pr3-3"],
    "project": "PortableRalph Production Readiness",
    "result": "FAIL",
    "findings": [
      {
        "task_id": "pr3-3",
        "result": "FAIL", 
        "checks": {
          "commits_exist": "PASS",
          "files_exist": "PASS",
          "specific_fixes": "PASS",
          "powershell_syntax_tests": "FAIL",
          "regression_check": "FAIL"
        },
        "issues": [
          "CRITICAL: ralph.ps1 has unmatched quote (385 total quotes = odd number)",
          "PowerShell syntax test (test-powershell-syntax.sh) times out/fails", 
          "Regression: New syntax issue introduced despite specific fixes being correct"
        ],
        "notes": "Specific fixes were implemented correctly (lib/validation.ps1 line 62, setup-notifications.ps1 line 404, ralph.ps1 backtick escaping), but unmatched quote in ralph.ps1 causes overall syntax validation to fail."
      }
    ],
    "summary": "PARTIAL FAILURE - Specific fixes applied correctly but new syntax issue introduced. PowerShell syntax tests fail due to unmatched quote in ralph.ps1.",
    "validated_at": "2026-02-21T12:10:00Z",
    "validated_by": "validator",
    "recommendation": "Return to worker to fix unmatched quote in ralph.ps1 and ensure all PowerShell syntax tests pass"
  }
}
