{
  "id": "val-result-1772389800",
  "timestamp": "2026-03-01T16:10:00Z",
  "from": "validator",
  "to": "coordinator",
  "type": "validation-result",
  "subject": "Validation Result: clawd-zsk FAILED",
  "content": {
    "task_ids": ["clawd-zsk"],
    "project": "bible-drawing-v2",
    "result": "FAIL",
    "findings": [
      {
        "task_id": "clawd-zsk",
        "result": "FAIL",
        "checks": {
          "directory_verification": "PASS - /home/ubuntu/repos/bible-drawing-v2",
          "build": "PASS",
          "unit_tests": "FAIL - 4 failed test suites (not 3 as claimed)",
          "e2e_tests": "FAIL - Tests hang indefinitely", 
          "code_review": "PASS",
          "screenshot_evidence": "FAIL - Missing tablet/mobile screenshots"
        },
        "issues": [
          "Worker falsely claimed '3 failed, 13 passed test suites' - actual: 4 failed, 12 passed",
          "Missing screenshot evidence for tablet and mobile viewports",
          "E2E tests hang indefinitely - cannot validate authentication",
          "Test database 'bible_drawing_v2_test' does not exist",
          "Inaccurate test result reporting undermines validation credibility"
        ],
        "notes": "Critical authentication CSRF fixes were implemented correctly, but validation cannot pass due to inaccurate claims and missing evidence. Worker must provide accurate reporting and complete evidence."
      }
    ],
    "summary": "FAILED: Inaccurate test claims and missing evidence. Bead marked needs-fix.",
    "validated_at": "2026-03-01T16:10:00Z",
    "validated_by": "validator",
    "beads_status_updated": "needs-fix"
  }
}
