{
  "stats": {
    "suites": 2,
    "tests": 1,
    "passes": 0,
    "pending": 0,
    "failures": 1,
    "start": "2026-02-13T05:04:22.044Z",
    "end": "2026-02-13T05:04:33.669Z",
    "duration": 11625,
    "testsRegistered": 18,
    "passPercent": 0,
    "pendingPercent": 0,
    "other": 0,
    "hasOther": false,
    "skipped": 17,
    "hasSkipped": true
  },
  "results": [
    {
      "uuid": "2393fceb-0add-4095-bcd2-42e172e50fdb",
      "title": "",
      "fullFile": "cypress/e2e/critical/server-creation.cy.ts",
      "file": "cypress/e2e/critical/server-creation.cy.ts",
      "beforeHooks": [],
      "afterHooks": [],
      "tests": [],
      "suites": [
        {
          "uuid": "1708d26f-9f2e-4412-b2d5-e948df8930c0",
          "title": "Server Creation and Management",
          "fullFile": "",
          "file": "",
          "beforeHooks": [],
          "afterHooks": [],
          "tests": [],
          "suites": [
            {
              "uuid": "785ae1db-fae2-48af-97d1-63a7729975f3",
              "title": "Server Creation",
              "fullFile": "",
              "file": "",
              "beforeHooks": [],
              "afterHooks": [],
              "tests": [
                {
                  "title": "should create a new server with gaming template",
                  "fullTitle": "Server Creation and Management Server Creation should create a new server with gaming template",
                  "timedOut": null,
                  "duration": 212,
                  "state": "failed",
                  "speed": null,
                  "pass": false,
                  "fail": true,
                  "pending": false,
                  "context": null,
                  "code": "const serverName = `Gaming Server ${Date.now()}`;\ncy.measurePerformance('server-creation-gaming');\n// Open server creation modal\ncy.get('[data-cy=add-server-button]').click();\ncy.get('[data-cy=create-server-option]').click();\n// Verify modal is open\ncy.get('[data-cy=create-server-modal]').should('be.visible');\ncy.get('[data-cy=server-templates]').should('be.visible');\n// Select gaming template\ncy.get('[data-cy=template-gaming]').click();\ncy.get('[data-cy=template-gaming]').should('have.class', 'selected');\n// Enter server name\ncy.get('[data-cy=server-name-input]').type(serverName);\ncy.get('[data-cy=server-description-input]').type('A server for gaming enthusiasts');\n// Create server\ncy.get('[data-cy=create-server-button]').click();\n// Verify server creation\ncy.get('[data-cy=server-sidebar]').should('contain.text', serverName);\ncy.get('[data-cy=channel-list]').should('contain.text', 'general');\ncy.get('[data-cy=channel-list]').should('contain.text', 'gaming');\ncy.get('[data-cy=voice-channels]').should('contain.text', 'Gaming Voice');\n// Verify we're in the new server\ncy.get('[data-cy=server-header]').should('contain.text', serverName);\ncy.measurePerformance('server-creation-gaming');",
                  "err": {
                    "message": "CypressError: `cy.visit()` failed trying to load:\n\nhttp://localhost:3000/login\n\nThe response we received from your web server was:\n\n  > 404: Not Found\n\nThis was considered a failure because the status code was not `2xx`.\n\nIf you do not want status codes to cause failures pass the option: `failOnStatusCode: false`\n\nBecause this error occurred during a `before each` hook we are skipping the remaining tests in the current suite: `Server Creation and Management`",
                    "estack": "CypressError: `cy.visit()` failed trying to load:\n\nhttp://localhost:3000/login\n\nThe response we received from your web server was:\n\n  > 404: Not Found\n\nThis was considered a failure because the status code was not `2xx`.\n\nIf you do not want status codes to cause failures pass the option: `failOnStatusCode: false`\n\nBecause this error occurred during a `before each` hook we are skipping the remaining tests in the current suite: `Server Creation and Management`\n    at <unknown> (http://localhost:3000/__cypress/runner/cypress_runner.js:131591:76)\n    at visitFailedByErr (http://localhost:3000/__cypress/runner/cypress_runner.js:131006:12)\n    at <unknown> (http://localhost:3000/__cypress/runner/cypress_runner.js:131574:13)\n    at tryCatcher (http://localhost:3000/__cypress/runner/cypress_runner.js:1830:23)\n    at Promise._settlePromiseFromHandler (http://localhost:3000/__cypress/runner/cypress_runner.js:1542:31)\n    at Promise._settlePromise (http://localhost:3000/__cypress/runner/cypress_runner.js:1599:18)\n    at Promise._settlePromise0 (http://localhost:3000/__cypress/runner/cypress_runner.js:1644:10)\n    at Promise._settlePromises (http://localhost:3000/__cypress/runner/cypress_runner.js:1720:18)\n    at _drainQueueStep (http://localhost:3000/__cypress/runner/cypress_runner.js:2430:12)\n    at _drainQueue (http://localhost:3000/__cypress/runner/cypress_runner.js:2423:9)\n    at Async._drainQueues (http://localhost:3000/__cypress/runner/cypress_runner.js:2439:5)\n    at Async.drainQueues (http://localhost:3000/__cypress/runner/cypress_runner.js:2309:14)\nFrom Your Spec Code:\n    at Context.eval (webpack://haos-v2-e2e-tests/./cypress/support/commands.ts:4:0)",
                    "diff": null
                  },
                  "uuid": "51de77a2-7c00-4f30-8115-7698b01e764c",
                  "parentUUID": "785ae1db-fae2-48af-97d1-63a7729975f3",
                  "isHook": false,
                  "skipped": false
                },
                {
                  "title": "should create server with study template",
                  "fullTitle": "Server Creation and Management Server Creation should create server with study template",
                  "timedOut": null,
                  "duration": 0,
                  "state": "skipped",
                  "speed": null,
                  "pass": false,
                  "fail": false,
                  "pending": false,
                  "context": null,
                  "code": "const serverName = `Study Group ${Date.now()}`;\ncy.get('[data-cy=add-server-button]').click();\ncy.get('[data-cy=create-server-option]').click();\ncy.get('[data-cy=template-study]').click();\ncy.get('[data-cy=server-name-input]').type(serverName);\ncy.get('[data-cy=server-description-input]').type('Study group for collaborative learning');\ncy.get('[data-cy=create-server-button]').click();\n// Verify study-specific channels\ncy.get('[data-cy=channel-list]').should('contain.text', 'general');\ncy.get('[data-cy=channel-list]').should('contain.text', 'study-hall');\ncy.get('[data-cy=channel-list]').should('contain.text', 'resources');\ncy.get('[data-cy=voice-channels]').should('contain.text', 'Study Room');",
                  "err": {},
                  "uuid": "eaa46a25-3580-4ecd-a1c0-598c1bae0ad6",
                  "parentUUID": "785ae1db-fae2-48af-97d1-63a7729975f3",
                  "isHook": false,
                  "skipped": true
                },
                {
                  "title": "should create server with friends template",
                  "fullTitle": "Server Creation and Management Server Creation should create server with friends template",
                  "timedOut": null,
                  "duration": 0,
                  "state": "skipped",
                  "speed": null,
                  "pass": false,
                  "fail": false,
                  "pending": false,
                  "context": null,
                  "code": "const serverName = `Friends Hangout ${Date.now()}`;\ncy.get('[data-cy=add-server-button]').click();\ncy.get('[data-cy=create-server-option]').click();\ncy.get('[data-cy=template-friends]').click();\ncy.get('[data-cy=server-name-input]').type(serverName);\ncy.get('[data-cy=create-server-button]').click();\n// Verify friends-specific channels\ncy.get('[data-cy=channel-list]').should('contain.text', 'general');\ncy.get('[data-cy=channel-list]').should('contain.text', 'random');\ncy.get('[data-cy=channel-list]').should('contain.text', 'memes');\ncy.get('[data-cy=voice-channels]').should('contain.text', 'Hangout');",
                  "err": {},
                  "uuid": "dce1a3cb-ee89-43b6-972c-87c65df8ad6a",
                  "parentUUID": "785ae1db-fae2-48af-97d1-63a7729975f3",
                  "isHook": false,
                  "skipped": true
                },
                {
                  "title": "should create custom server without template",
                  "fullTitle": "Server Creation and Management Server Creation should create custom server without template",
                  "timedOut": null,
                  "duration": 0,
                  "state": "skipped",
                  "speed": null,
                  "pass": false,
                  "fail": false,
                  "pending": false,
                  "context": null,
                  "code": "const serverName = `Custom Server ${Date.now()}`;\ncy.get('[data-cy=add-server-button]').click();\ncy.get('[data-cy=create-server-option]').click();\n// Skip template selection\ncy.get('[data-cy=skip-template]').click();\ncy.get('[data-cy=server-name-input]').type(serverName);\ncy.get('[data-cy=server-description-input]').type('Custom server configuration');\ncy.get('[data-cy=create-server-button]').click();\n// Verify minimal default setup\ncy.get('[data-cy=channel-list]').should('contain.text', 'general');\ncy.get('[data-cy=voice-channels]').should('contain.text', 'General');",
                  "err": {},
                  "uuid": "84158128-c0db-4b0e-a32c-e206cbc92b76",
                  "parentUUID": "785ae1db-fae2-48af-97d1-63a7729975f3",
                  "isHook": false,
                  "skipped": true
                }
              ],
              "suites": [],
              "passes": [],
              "failures": [
                "51de77a2-7c00-4f30-8115-7698b01e764c"
              ],
              "pending": [],
              "skipped": [
                "eaa46a25-3580-4ecd-a1c0-598c1bae0ad6",
                "dce1a3cb-ee89-43b6-972c-87c65df8ad6a",
                "84158128-c0db-4b0e-a32c-e206cbc92b76"
              ],
              "duration": 212,
              "root": false,
              "rootEmpty": false,
              "_timeout": 2000
            },
            {
              "uuid": "9eaa1395-0462-430c-8268-338f1eedcae7",
              "title": "Server Configuration",
              "fullFile": "",
              "file": "",
              "beforeHooks": [],
              "afterHooks": [],
              "tests": [
                {
                  "title": "should configure server settings",
                  "fullTitle": "Server Creation and Management Server Configuration should configure server settings",
                  "timedOut": null,
                  "duration": 0,
                  "state": "skipped",
                  "speed": null,
                  "pass": false,
                  "fail": false,
                  "pending": false,
                  "context": null,
                  "code": "// Open server settings\ncy.get('[data-cy=server-dropdown]').click();\ncy.get('[data-cy=server-settings]').click();\ncy.get('[data-cy=server-settings-modal]').should('be.visible');\n// Update server information\ncy.get('[data-cy=server-name-input]').clear().type(`${serverName} Updated`);\ncy.get('[data-cy=server-description-input]').clear().type('Updated server description');\n// Change server icon\ncy.get('[data-cy=server-icon-upload]').selectFile('cypress/fixtures/test-icon.png', { force: true });\n// Update server region\ncy.get('[data-cy=server-region-select]').click();\ncy.get('[data-cy=region-us-east]').click();\n// Save changes\ncy.get('[data-cy=save-server-settings]').click();\n// Verify changes\ncy.get('[data-cy=server-header]').should('contain.text', `${serverName} Updated`);\ncy.get('[data-cy=server-sidebar]').should('contain.text', `${serverName} Updated`);",
                  "err": {},
                  "uuid": "faf02e9e-54b0-4656-aa58-547506634f2c",
                  "parentUUID": null,
                  "isHook": false,
                  "skipped": true
                },
                {
                  "title": "should manage server roles and permissions",
                  "fullTitle": "Server Creation and Management Server Configuration should manage server roles and permissions",
                  "timedOut": null,
                  "duration": 0,
                  "state": "skipped",
                  "speed": null,
                  "pass": false,
                  "fail": false,
                  "pending": false,
                  "context": null,
                  "code": "cy.get('[data-cy=server-dropdown]').click();\ncy.get('[data-cy=server-settings]').click();\n// Navigate to roles tab\ncy.get('[data-cy=settings-tab-roles]').click();\n// Create new role\ncy.get('[data-cy=create-role-button]').click();\ncy.get('[data-cy=role-name-input]').type('Moderator');\ncy.get('[data-cy=role-color-input]').type('#ff5733');\n// Set permissions\ncy.get('[data-cy=permission-manage-messages]').check();\ncy.get('[data-cy=permission-kick-members]').check();\ncy.get('[data-cy=permission-manage-channels]').check();\ncy.get('[data-cy=save-role-button]').click();\n// Verify role was created\ncy.get('[data-cy=role-list]').should('contain.text', 'Moderator');",
                  "err": {},
                  "uuid": "327610f3-fc89-49ca-8f33-3768b3611f0f",
                  "parentUUID": null,
                  "isHook": false,
                  "skipped": true
                },
                {
                  "title": "should configure server moderation settings",
                  "fullTitle": "Server Creation and Management Server Configuration should configure server moderation settings",
                  "timedOut": null,
                  "duration": 0,
                  "state": "skipped",
                  "speed": null,
                  "pass": false,
                  "fail": false,
                  "pending": false,
                  "context": null,
                  "code": "cy.get('[data-cy=server-dropdown]').click();\ncy.get('[data-cy=server-settings]').click();\n// Navigate to moderation tab\ncy.get('[data-cy=settings-tab-moderation]').click();\n// Enable auto-moderation\ncy.get('[data-cy=auto-mod-enable]').check();\ncy.get('[data-cy=filter-profanity]').check();\ncy.get('[data-cy=filter-spam]').check();\n// Set verification level\ncy.get('[data-cy=verification-level-select]').click();\ncy.get('[data-cy=verification-medium]').click();\n// Configure slowmode\ncy.get('[data-cy=default-slowmode-input]').clear().type('5');\ncy.get('[data-cy=save-moderation-settings]').click();\n// Verify settings saved\ncy.get('[data-cy=moderation-status]').should('contain.text', 'Auto-moderation enabled');",
                  "err": {},
                  "uuid": "7b9d542c-f905-4ae5-9fed-4020f3cf67ab",
                  "parentUUID": null,
                  "isHook": false,
                  "skipped": true
                }
              ],
              "suites": [],
              "passes": [],
              "failures": [],
              "pending": [],
              "skipped": [
                "faf02e9e-54b0-4656-aa58-547506634f2c",
                "327610f3-fc89-49ca-8f33-3768b3611f0f",
                "7b9d542c-f905-4ae5-9fed-4020f3cf67ab"
              ],
              "duration": 0,
              "root": false,
              "rootEmpty": false,
              "_timeout": 2000
            },
            {
              "uuid": "cc3253b2-d29d-41bd-b867-ff06eed7a25a",
              "title": "Server Discovery and Joining",
              "fullFile": "",
              "file": "",
              "beforeHooks": [],
              "afterHooks": [],
              "tests": [
                {
                  "title": "should discover and join public servers",
                  "fullTitle": "Server Creation and Management Server Discovery and Joining should discover and join public servers",
                  "timedOut": null,
                  "duration": 0,
                  "state": "skipped",
                  "speed": null,
                  "pass": false,
                  "fail": false,
                  "pending": false,
                  "context": null,
                  "code": "cy.measurePerformance('server-discovery');\n// Open server discovery\ncy.get('[data-cy=add-server-button]').click();\ncy.get('[data-cy=discover-servers-option]').click();\ncy.get('[data-cy=server-discovery-modal]').should('be.visible');\n// Browse featured servers\ncy.get('[data-cy=featured-servers]').should('be.visible');\ncy.get('[data-cy=server-card]').should('have.length.at.least', 1);\n// Search for servers\ncy.get('[data-cy=server-search-input]').type('gaming');\ncy.get('[data-cy=search-button]').click();\n// Verify search results\ncy.get('[data-cy=search-results]').should('contain.text', 'gaming');\n// Join a server\ncy.get('[data-cy=server-card]').first().within(() => {\n    cy.get('[data-cy=server-name]').should('be.visible');\n    cy.get('[data-cy=member-count]').should('be.visible');\n    cy.get('[data-cy=join-server-button]').click();\n});\n// Verify server was joined\ncy.get('[data-cy=server-sidebar]').should('contain.text', 'Gaming');\ncy.measurePerformance('server-discovery');",
                  "err": {},
                  "uuid": "7b39e0c8-7606-41e5-ad85-8f751f9d93c9",
                  "parentUUID": null,
                  "isHook": false,
                  "skipped": true
                },
                {
                  "title": "should join server via invite link",
                  "fullTitle": "Server Creation and Management Server Discovery and Joining should join server via invite link",
                  "timedOut": null,
                  "duration": 0,
                  "state": "skipped",
                  "speed": null,
                  "pass": false,
                  "fail": false,
                  "pending": false,
                  "context": null,
                  "code": "const inviteCode = 'abc123';\n// Mock invite validation\ncy.intercept('GET', `/api/invites/${inviteCode}`, {\n    statusCode: 200,\n    body: {\n        serverName: 'Invited Server',\n        serverIcon: null,\n        memberCount: 42,\n        channelCount: 5,\n        inviter: 'TestUser'\n    }\n}).as('validateInvite');\ncy.intercept('POST', `/api/invites/${inviteCode}/join`, {\n    statusCode: 200,\n    body: { success: true, serverId: 'server123' }\n}).as('joinViaInvite');\ncy.get('[data-cy=add-server-button]').click();\ncy.get('[data-cy=join-server-option]').click();\ncy.get('[data-cy=invite-input]').type(inviteCode);\ncy.wait('@validateInvite');\n// Verify invite preview\ncy.get('[data-cy=invite-preview]').should('be.visible');\ncy.get('[data-cy=invite-server-name]').should('contain.text', 'Invited Server');\ncy.get('[data-cy=invite-member-count]').should('contain.text', '42 members');\ncy.get('[data-cy=join-server-button]').click();\ncy.wait('@joinViaInvite');\n// Verify server joined\ncy.get('[data-cy=server-sidebar]').should('contain.text', 'Invited Server');",
                  "err": {},
                  "uuid": "ce3c8219-90eb-4421-9958-53c5bf034c74",
                  "parentUUID": null,
                  "isHook": false,
                  "skipped": true
                },
                {
                  "title": "should handle invalid invite codes",
                  "fullTitle": "Server Creation and Management Server Discovery and Joining should handle invalid invite codes",
                  "timedOut": null,
                  "duration": 0,
                  "state": "skipped",
                  "speed": null,
                  "pass": false,
                  "fail": false,
                  "pending": false,
                  "context": null,
                  "code": "cy.intercept('GET', '/api/invites/invalid', {\n    statusCode: 404,\n    body: { error: 'Invite not found or expired' }\n}).as('invalidInvite');\ncy.get('[data-cy=add-server-button]').click();\ncy.get('[data-cy=join-server-option]').click();\ncy.get('[data-cy=invite-input]').type('invalid');\ncy.wait('@invalidInvite');\ncy.get('[data-cy=invite-error]').should('contain.text', 'Invite not found or expired');\ncy.get('[data-cy=join-server-button]').should('be.disabled');",
                  "err": {},
                  "uuid": "4510052f-7c7a-45af-9143-debebb9ff94b",
                  "parentUUID": null,
                  "isHook": false,
                  "skipped": true
                }
              ],
              "suites": [],
              "passes": [],
              "failures": [],
              "pending": [],
              "skipped": [
                "7b39e0c8-7606-41e5-ad85-8f751f9d93c9",
                "ce3c8219-90eb-4421-9958-53c5bf034c74",
                "4510052f-7c7a-45af-9143-debebb9ff94b"
              ],
              "duration": 0,
              "root": false,
              "rootEmpty": false,
              "_timeout": 2000
            },
            {
              "uuid": "54e0c9a1-c3b6-44aa-a445-87b9beef1921",
              "title": "Server Administration",
              "fullFile": "",
              "file": "",
              "beforeHooks": [],
              "afterHooks": [],
              "tests": [
                {
                  "title": "should manage server members",
                  "fullTitle": "Server Creation and Management Server Administration should manage server members",
                  "timedOut": null,
                  "duration": 0,
                  "state": "skipped",
                  "speed": null,
                  "pass": false,
                  "fail": false,
                  "pending": false,
                  "context": null,
                  "code": "cy.get('[data-cy=server-dropdown]').click();\ncy.get('[data-cy=server-settings]').click();\ncy.get('[data-cy=settings-tab-members]').click();\n// View member list\ncy.get('[data-cy=member-list]').should('be.visible');\ncy.get('[data-cy=member-item]').should('have.length.at.least', 1);\n// Search members\ncy.get('[data-cy=member-search]').type('test');\ncy.get('[data-cy=member-item]').should('contain.text', 'test');\n// Member actions (mock)\ncy.get('[data-cy=member-item]').first().within(() => {\n    cy.get('[data-cy=member-menu]').click();\n});\ncy.get('[data-cy=kick-member]').should('be.visible');\ncy.get('[data-cy=ban-member]').should('be.visible');\ncy.get('[data-cy=change-role]').should('be.visible');",
                  "err": {},
                  "uuid": "092d73c9-0b18-4dd2-a1b7-30ea6a8d45f5",
                  "parentUUID": null,
                  "isHook": false,
                  "skipped": true
                },
                {
                  "title": "should manage server invites",
                  "fullTitle": "Server Creation and Management Server Administration should manage server invites",
                  "timedOut": null,
                  "duration": 0,
                  "state": "skipped",
                  "speed": null,
                  "pass": false,
                  "fail": false,
                  "pending": false,
                  "context": null,
                  "code": "cy.get('[data-cy=server-dropdown]').click();\ncy.get('[data-cy=server-settings]').click();\ncy.get('[data-cy=settings-tab-invites]').click();\n// Create new invite\ncy.get('[data-cy=create-invite-button]').click();\n// Configure invite settings\ncy.get('[data-cy=invite-expires-select]').click();\ncy.get('[data-cy=expire-7-days]').click();\ncy.get('[data-cy=invite-max-uses-input]').clear().type('10');\ncy.get('[data-cy=generate-invite-button]').click();\n// Verify invite created\ncy.get('[data-cy=invite-list]').should('contain.text', 'discord.gg/');\ncy.get('[data-cy=invite-code]').should('be.visible');\n// Copy invite link\ncy.get('[data-cy=copy-invite-button]').click();\ncy.get('[data-cy=copy-success]').should('contain.text', 'Copied!');",
                  "err": {},
                  "uuid": "f844a081-2e09-4566-aa20-aa06dfa30061",
                  "parentUUID": null,
                  "isHook": false,
                  "skipped": true
                },
                {
                  "title": "should view server audit logs",
                  "fullTitle": "Server Creation and Management Server Administration should view server audit logs",
                  "timedOut": null,
                  "duration": 0,
                  "state": "skipped",
                  "speed": null,
                  "pass": false,
                  "fail": false,
                  "pending": false,
                  "context": null,
                  "code": "cy.get('[data-cy=server-dropdown]').click();\ncy.get('[data-cy=server-settings]').click();\ncy.get('[data-cy=settings-tab-audit-log]').click();\n// View audit log entries\ncy.get('[data-cy=audit-log]').should('be.visible');\ncy.get('[data-cy=audit-entry]').should('have.length.at.least', 1);\n// Filter audit log\ncy.get('[data-cy=audit-filter-select]').click();\ncy.get('[data-cy=filter-member-join]').click();\ncy.get('[data-cy=audit-entry]').should('contain.text', 'Member joined');\n// Search audit log\ncy.get('[data-cy=audit-search]').type('testuser');\ncy.get('[data-cy=audit-entry]').should('contain.text', 'testuser');",
                  "err": {},
                  "uuid": "d697d41a-66ac-4817-8684-e0b1e127ecab",
                  "parentUUID": null,
                  "isHook": false,
                  "skipped": true
                }
              ],
              "suites": [],
              "passes": [],
              "failures": [],
              "pending": [],
              "skipped": [
                "092d73c9-0b18-4dd2-a1b7-30ea6a8d45f5",
                "f844a081-2e09-4566-aa20-aa06dfa30061",
                "d697d41a-66ac-4817-8684-e0b1e127ecab"
              ],
              "duration": 0,
              "root": false,
              "rootEmpty": false,
              "_timeout": 2000
            },
            {
              "uuid": "98200e10-4a03-42b5-a24d-aa223361cb95",
              "title": "Server Deletion",
              "fullFile": "",
              "file": "",
              "beforeHooks": [],
              "afterHooks": [],
              "tests": [
                {
                  "title": "should delete server with confirmation",
                  "fullTitle": "Server Creation and Management Server Deletion should delete server with confirmation",
                  "timedOut": null,
                  "duration": 0,
                  "state": "skipped",
                  "speed": null,
                  "pass": false,
                  "fail": false,
                  "pending": false,
                  "context": null,
                  "code": "cy.get('[data-cy=server-dropdown]').click();\ncy.get('[data-cy=server-settings]').click();\n// Navigate to danger zone\ncy.get('[data-cy=settings-tab-advanced]').click();\ncy.get('[data-cy=danger-zone]').should('be.visible');\n// Delete server\ncy.get('[data-cy=delete-server-button]').click();\n// Confirm deletion\ncy.get('[data-cy=delete-confirmation-modal]').should('be.visible');\ncy.get('[data-cy=delete-confirmation-input]').type(serverName);\ncy.get('[data-cy=confirm-delete-button]').click();\n// Verify server deleted\ncy.get('[data-cy=server-sidebar]').should('not.contain.text', serverName);\ncy.get('[data-cy=server-deleted-notice]').should('contain.text', 'Server deleted successfully');",
                  "err": {},
                  "uuid": "59abdaae-3ba5-45a2-bbe3-50ec1a4666c2",
                  "parentUUID": null,
                  "isHook": false,
                  "skipped": true
                },
                {
                  "title": "should leave server as non-owner",
                  "fullTitle": "Server Creation and Management Server Deletion should leave server as non-owner",
                  "timedOut": null,
                  "duration": 0,
                  "state": "skipped",
                  "speed": null,
                  "pass": false,
                  "fail": false,
                  "pending": false,
                  "context": null,
                  "code": "// Mock non-owner permissions\ncy.window().then((win) => {\n    if (win.matrixClient) {\n        win.matrixClient.userPowerLevel = 50; // Member level\n    }\n});\ncy.get('[data-cy=server-dropdown]').click();\ncy.get('[data-cy=leave-server]').click();\ncy.get('[data-cy=leave-confirmation-modal]').should('be.visible');\ncy.get('[data-cy=confirm-leave-button]').click();\n// Verify server left\ncy.get('[data-cy=server-sidebar]').should('not.contain.text', serverName);",
                  "err": {},
                  "uuid": "9873cfdc-b86b-4542-8677-df4ea52fcb9e",
                  "parentUUID": null,
                  "isHook": false,
                  "skipped": true
                }
              ],
              "suites": [],
              "passes": [],
              "failures": [],
              "pending": [],
              "skipped": [
                "59abdaae-3ba5-45a2-bbe3-50ec1a4666c2",
                "9873cfdc-b86b-4542-8677-df4ea52fcb9e"
              ],
              "duration": 0,
              "root": false,
              "rootEmpty": false,
              "_timeout": 2000
            },
            {
              "uuid": "f764f96c-5981-4809-9bde-e53fdf610c1a",
              "title": "Performance and Accessibility",
              "fullFile": "",
              "file": "",
              "beforeHooks": [],
              "afterHooks": [],
              "tests": [
                {
                  "title": "should meet performance requirements for server creation",
                  "fullTitle": "Server Creation and Management Performance and Accessibility should meet performance requirements for server creation",
                  "timedOut": null,
                  "duration": 0,
                  "state": "skipped",
                  "speed": null,
                  "pass": false,
                  "fail": false,
                  "pending": false,
                  "context": null,
                  "code": "cy.visit('/dashboard');\nconst startTime = Date.now();\ncy.createServer(`Perf Test ${Date.now()}`, 'gaming');\ncy.get('[data-cy=channel-list]').should('be.visible').then(() => {\n    const creationTime = Date.now() - startTime;\n    expect(creationTime).to.be.lessThan(5000, 'Server creation should complete within 5 seconds');\n    cy.task('logPerformance', {\n        type: 'server-creation-performance',\n        duration: creationTime,\n        timestamp: Date.now()\n    });\n});",
                  "err": {},
                  "uuid": "acaa683e-258b-4760-8ded-9651b890942f",
                  "parentUUID": null,
                  "isHook": false,
                  "skipped": true
                },
                {
                  "title": "should be accessible via keyboard navigation",
                  "fullTitle": "Server Creation and Management Performance and Accessibility should be accessible via keyboard navigation",
                  "timedOut": null,
                  "duration": 0,
                  "state": "skipped",
                  "speed": null,
                  "pass": false,
                  "fail": false,
                  "pending": false,
                  "context": null,
                  "code": "cy.injectAxe();\n// Test server creation modal accessibility\ncy.get('[data-cy=add-server-button]').focus().click();\ncy.get('[data-cy=create-server-option]').focus().click();\ncy.testKeyboardNavigation('[data-cy=server-name-input]');\ncy.checkAccessibility('[data-cy=create-server-modal]');",
                  "err": {},
                  "uuid": "a4d1d02a-1da3-43f1-af0f-27b5fbce1b12",
                  "parentUUID": null,
                  "isHook": false,
                  "skipped": true
                },
                {
                  "title": "should handle large server lists efficiently",
                  "fullTitle": "Server Creation and Management Performance and Accessibility should handle large server lists efficiently",
                  "timedOut": null,
                  "duration": 0,
                  "state": "skipped",
                  "speed": null,
                  "pass": false,
                  "fail": false,
                  "pending": false,
                  "context": null,
                  "code": "// Create multiple servers to test performance\nconst serverCount = 10;\nfor (let i = 0; i < serverCount; i++) {\n    cy.createServer(`Test Server ${i}`, 'gaming');\n}\ncy.measureNetworkPerformance();\ncy.measureMemoryUsage();\n// Verify all servers are visible\ncy.get('[data-cy=server-list] [data-cy=server-icon]').should('have.length', serverCount + 1); // +1 for DM server",
                  "err": {},
                  "uuid": "b3df955f-3672-4133-8083-b385cb13abb8",
                  "parentUUID": null,
                  "isHook": false,
                  "skipped": true
                }
              ],
              "suites": [],
              "passes": [],
              "failures": [],
              "pending": [],
              "skipped": [
                "acaa683e-258b-4760-8ded-9651b890942f",
                "a4d1d02a-1da3-43f1-af0f-27b5fbce1b12",
                "b3df955f-3672-4133-8083-b385cb13abb8"
              ],
              "duration": 0,
              "root": false,
              "rootEmpty": false,
              "_timeout": 2000
            }
          ],
          "passes": [],
          "failures": [],
          "pending": [],
          "skipped": [],
          "duration": 0,
          "root": false,
          "rootEmpty": false,
          "_timeout": 2000
        }
      ],
      "passes": [],
      "failures": [],
      "pending": [],
      "skipped": [],
      "duration": 0,
      "root": true,
      "rootEmpty": true,
      "_timeout": 2000
    }
  ],
  "meta": {
    "mocha": {
      "version": "7.0.1"
    },
    "mochawesome": {
      "options": {
        "quiet": false,
        "reportFilename": "report-[datetime]-[name]",
        "saveHtml": false,
        "saveJson": true,
        "consoleReporter": "spec",
        "useInlineDiffs": false,
        "code": true
      },
      "version": "7.1.4"
    },
    "marge": {
      "options": {
        "id": "default",
        "reportDir": "cypress/reports/.jsons",
        "reportFilename": "report-[datetime]-[name]",
        "reportPageTitle": "HAOS E2E Test Results",
        "embeddedScreenshots": true,
        "inlineAssets": true,
        "saveAllAttempts": false,
        "debug": false,
        "overwrite": false,
        "html": false,
        "json": true,
        "charts": true,
        "reporterOptions": {
          "includeConsoleLog": true,
          "timestamp": "longDate",
          "showPassed": true,
          "showFailed": true,
          "showPending": true,
          "showSkipped": false,
          "showHooks": "failed",
          "saveJson": true,
          "autoOpen": false,
          "dev": false
        }
      },
      "version": "6.3.2"
    }
  }
}